ISim log file
Running: C:\Users\Student\Desktop\ShashankShivv\logic_gates\lgate_behavioural_isim_beh.exe -intstyle ise -gui -tclbatch isim.cmd -wdb C:/Users/Student/Desktop/ShashankShivv/logic_gates/lgate_behavioural_isim_beh.wdb 
ISim P.20131013 (signature 0x7708f090)
This is a Full version of ISim.
Time resolution is 1 ps
# onerror resume
# wave add /
# run 1000 ns
Simulator is doing circuit initialization process.
Finished circuit initialization process.
# isim force add /lgate_behavioural/a 1 -radix bin
# isim force add /lgate_behavioural/b 1 -radix bin
# run all
# run all
# run all
# run all
# run all
# run 1.00us
# isim force add /lgate_behavioural/a 1 -radix bin
# isim force add /lgate_behavioural/b 1 -radix bin
# run all
# run all
# run all
# isim force add /lgate_behavioural/a 0 -radix bin
# run all
# run all
# run all
# run 1.00us
# run 1.00us
