Classic Timing Analyzer report for TFF_SD
Tue Apr 16 17:05:59 2019
Quartus II Version 9.1 Build 222 10/21/2009 SJ Full Version


---------------------
; Table of Contents ;
---------------------
  1. Legal Notice
  2. Timing Analyzer Summary
  3. Timing Analyzer Settings
  4. Clock Settings Summary
  5. Parallel Compilation
  6. Clock Setup: 'clock'
  7. tsu
  8. tco
  9. tpd
 10. th
 11. Timing Analyzer Messages



----------------
; Legal Notice ;
----------------
Copyright (C) 1991-2009 Altera Corporation
Your use of Altera Corporation's design tools, logic functions 
and other software and tools, and its AMPP partner logic 
functions, and any output files from any of the foregoing 
(including device programming or simulation files), and any 
associated documentation or information are expressly subject 
to the terms and conditions of the Altera Program License 
Subscription Agreement, Altera MegaCore Function License 
Agreement, or other applicable license agreement, including, 
without limitation, that your use is for the sole purpose of 
programming logic devices manufactured by Altera and sold by 
Altera or its authorized distributors.  Please refer to the 
applicable agreement for further details.



+----------------------------------------------------------------------------------------------------------------------------------------------------------------------+
; Timing Analyzer Summary                                                                                                                                              ;
+------------------------------+-------+---------------+------------------------------------------------+-----------+-----------+------------+----------+--------------+
; Type                         ; Slack ; Required Time ; Actual Time                                    ; From      ; To        ; From Clock ; To Clock ; Failed Paths ;
+------------------------------+-------+---------------+------------------------------------------------+-----------+-----------+------------+----------+--------------+
; Worst-case tsu               ; N/A   ; None          ; 4.297 ns                                       ; reset     ; fstate.s1 ; --         ; clock    ; 0            ;
; Worst-case tco               ; N/A   ; None          ; 8.589 ns                                       ; fstate.s1 ; q         ; clock      ; --       ; 0            ;
; Worst-case tpd               ; N/A   ; None          ; 11.764 ns                                      ; reset     ; q         ; --         ; --       ; 0            ;
; Worst-case th                ; N/A   ; None          ; -0.080 ns                                      ; t         ; fstate.s1 ; --         ; clock    ; 0            ;
; Clock Setup: 'clock'         ; N/A   ; None          ; Restricted to 450.05 MHz ( period = 2.222 ns ) ; fstate.s1 ; fstate.s1 ; clock      ; clock    ; 0            ;
; Total number of failed paths ;       ;               ;                                                ;           ;           ;            ;          ; 0            ;
+------------------------------+-------+---------------+------------------------------------------------+-----------+-----------+------------+----------+--------------+


+-----------------------------------------------------------------------------------------------------------------------------------------------------+
; Timing Analyzer Settings                                                                                                                            ;
+------------------------------------------------------------------------------------------------------+--------------------+------+----+-------------+
; Option                                                                                               ; Setting            ; From ; To ; Entity Name ;
+------------------------------------------------------------------------------------------------------+--------------------+------+----+-------------+
; Device Name                                                                                          ; EP2C35F672C6       ;      ;    ;             ;
; Timing Models                                                                                        ; Final              ;      ;    ;             ;
; Default hold multicycle                                                                              ; Same as Multicycle ;      ;    ;             ;
; Cut paths between unrelated clock domains                                                            ; On                 ;      ;    ;             ;
; Cut off read during write signal paths                                                               ; On                 ;      ;    ;             ;
; Cut off feedback from I/O pins                                                                       ; On                 ;      ;    ;             ;
; Report Combined Fast/Slow Timing                                                                     ; Off                ;      ;    ;             ;
; Ignore Clock Settings                                                                                ; Off                ;      ;    ;             ;
; Analyze latches as synchronous elements                                                              ; On                 ;      ;    ;             ;
; Enable Recovery/Removal analysis                                                                     ; Off                ;      ;    ;             ;
; Enable Clock Latency                                                                                 ; Off                ;      ;    ;             ;
; Use TimeQuest Timing Analyzer                                                                        ; Off                ;      ;    ;             ;
; Minimum Core Junction Temperature                                                                    ; 0                  ;      ;    ;             ;
; Maximum Core Junction Temperature                                                                    ; 85                 ;      ;    ;             ;
; Number of source nodes to report per destination node                                                ; 10                 ;      ;    ;             ;
; Number of destination nodes to report                                                                ; 10                 ;      ;    ;             ;
; Number of paths to report                                                                            ; 200                ;      ;    ;             ;
; Report Minimum Timing Checks                                                                         ; Off                ;      ;    ;             ;
; Use Fast Timing Models                                                                               ; Off                ;      ;    ;             ;
; Report IO Paths Separately                                                                           ; Off                ;      ;    ;             ;
; Perform Multicorner Analysis                                                                         ; On                 ;      ;    ;             ;
; Reports the worst-case path for each clock domain and analysis                                       ; Off                ;      ;    ;             ;
; Reports worst-case timing paths for each clock domain and analysis                                   ; On                 ;      ;    ;             ;
; Specifies the maximum number of worst-case timing paths to report for each clock domain and analysis ; 100                ;      ;    ;             ;
; Removes common clock path pessimism (CCPP) during slack computation                                  ; Off                ;      ;    ;             ;
; Output I/O Timing Endpoint                                                                           ; Near End           ;      ;    ;             ;
+------------------------------------------------------------------------------------------------------+--------------------+------+----+-------------+


+------------------------------------------------------------------------------------------------------------------------------------------------------------------------------------+
; Clock Settings Summary                                                                                                                                                             ;
+-----------------+--------------------+----------+------------------+---------------+--------------+----------+-----------------------+---------------------+--------+--------------+
; Clock Node Name ; Clock Setting Name ; Type     ; Fmax Requirement ; Early Latency ; Late Latency ; Based on ; Multiply Base Fmax by ; Divide Base Fmax by ; Offset ; Phase offset ;
+-----------------+--------------------+----------+------------------+---------------+--------------+----------+-----------------------+---------------------+--------+--------------+
; clock           ;                    ; User Pin ; None             ; 0.000 ns      ; 0.000 ns     ; --       ; N/A                   ; N/A                 ; N/A    ;              ;
+-----------------+--------------------+----------+------------------+---------------+--------------+----------+-----------------------+---------------------+--------+--------------+


+------------------------------------------+
; Parallel Compilation                     ;
+----------------------------+-------------+
; Processors                 ; Number      ;
+----------------------------+-------------+
; Number detected on machine ; 4           ;
; Maximum allowed            ; 4           ;
;                            ;             ;
; Average used               ; 1.00        ;
; Maximum used               ; 1           ;
;                            ;             ;
; Usage by Processor         ; % Time Used ;
;     1 processor            ; 100.0%      ;
;     2-4 processors         ;   0.0%      ;
+----------------------------+-------------+


+--------------------------------------------------------------------------------------------------------------------------------------------------------------------------------------------+
; Clock Setup: 'clock'                                                                                                                                                                       ;
+-------+------------------------------------------------+-----------+-----------+------------+----------+-----------------------------+---------------------------+-------------------------+
; Slack ; Actual fmax (period)                           ; From      ; To        ; From Clock ; To Clock ; Required Setup Relationship ; Required Longest P2P Time ; Actual Longest P2P Time ;
+-------+------------------------------------------------+-----------+-----------+------------+----------+-----------------------------+---------------------------+-------------------------+
; N/A   ; Restricted to 450.05 MHz ( period = 2.222 ns ) ; fstate.s1 ; fstate.s1 ; clock      ; clock    ; None                        ; None                      ; 0.407 ns                ;
+-------+------------------------------------------------+-----------+-----------+------------+----------+-----------------------------+---------------------------+-------------------------+


+------------------------------------------------------------------+
; tsu                                                              ;
+-------+--------------+------------+-------+-----------+----------+
; Slack ; Required tsu ; Actual tsu ; From  ; To        ; To Clock ;
+-------+--------------+------------+-------+-----------+----------+
; N/A   ; None         ; 4.297 ns   ; reset ; fstate.s1 ; clock    ;
; N/A   ; None         ; 0.310 ns   ; t     ; fstate.s1 ; clock    ;
+-------+--------------+------------+-------+-----------+----------+


+-----------------------------------------------------------------+
; tco                                                             ;
+-------+--------------+------------+-----------+----+------------+
; Slack ; Required tco ; Actual tco ; From      ; To ; From Clock ;
+-------+--------------+------------+-----------+----+------------+
; N/A   ; None         ; 8.589 ns   ; fstate.s1 ; q  ; clock      ;
+-------+--------------+------------+-----------+----+------------+


+----------------------------------------------------------+
; tpd                                                      ;
+-------+-------------------+-----------------+-------+----+
; Slack ; Required P2P Time ; Actual P2P Time ; From  ; To ;
+-------+-------------------+-----------------+-------+----+
; N/A   ; None              ; 11.764 ns       ; reset ; q  ;
+-------+-------------------+-----------------+-------+----+


+------------------------------------------------------------------------+
; th                                                                     ;
+---------------+-------------+-----------+-------+-----------+----------+
; Minimum Slack ; Required th ; Actual th ; From  ; To        ; To Clock ;
+---------------+-------------+-----------+-------+-----------+----------+
; N/A           ; None        ; -0.080 ns ; t     ; fstate.s1 ; clock    ;
; N/A           ; None        ; -4.067 ns ; reset ; fstate.s1 ; clock    ;
+---------------+-------------+-----------+-------+-----------+----------+


+--------------------------+
; Timing Analyzer Messages ;
+--------------------------+
Info: *******************************************************************
Info: Running Quartus II Classic Timing Analyzer
    Info: Version 9.1 Build 222 10/21/2009 SJ Full Version
    Info: Processing started: Tue Apr 16 17:05:59 2019
Info: Command: quartus_tan --read_settings_files=off --write_settings_files=off TFF_SD -c TFF_SD --timing_analysis_only
Info: Parallel compilation is enabled and will use 4 of the 4 processors detected
Warning: Found pins functioning as undefined clocks and/or memory enables
    Info: Assuming node "clock" is an undefined clock
Info: Clock "clock" Internal fmax is restricted to 450.05 MHz between source register "fstate.s1" and destination register "fstate.s1"
    Info: fmax restricted to clock pin edge rate 2.222 ns. Expand message to see actual delay path.
        Info: + Longest register to register delay is 0.407 ns
            Info: 1: + IC(0.000 ns) + CELL(0.000 ns) = 0.000 ns; Loc. = LCFF_X64_Y27_N1; Fanout = 2; REG Node = 'fstate.s1'
            Info: 2: + IC(0.000 ns) + CELL(0.323 ns) = 0.323 ns; Loc. = LCCOMB_X64_Y27_N0; Fanout = 1; COMB Node = 'reg_fstate.s1~0'
            Info: 3: + IC(0.000 ns) + CELL(0.084 ns) = 0.407 ns; Loc. = LCFF_X64_Y27_N1; Fanout = 2; REG Node = 'fstate.s1'
            Info: Total cell delay = 0.407 ns ( 100.00 % )
        Info: - Smallest clock skew is 0.000 ns
            Info: + Shortest clock path from clock "clock" to destination register is 2.074 ns
                Info: 1: + IC(0.000 ns) + CELL(0.862 ns) = 0.862 ns; Loc. = PIN_G26; Fanout = 1; CLK Node = 'clock'
                Info: 2: + IC(0.675 ns) + CELL(0.537 ns) = 2.074 ns; Loc. = LCFF_X64_Y27_N1; Fanout = 2; REG Node = 'fstate.s1'
                Info: Total cell delay = 1.399 ns ( 67.45 % )
                Info: Total interconnect delay = 0.675 ns ( 32.55 % )
            Info: - Longest clock path from clock "clock" to source register is 2.074 ns
                Info: 1: + IC(0.000 ns) + CELL(0.862 ns) = 0.862 ns; Loc. = PIN_G26; Fanout = 1; CLK Node = 'clock'
                Info: 2: + IC(0.675 ns) + CELL(0.537 ns) = 2.074 ns; Loc. = LCFF_X64_Y27_N1; Fanout = 2; REG Node = 'fstate.s1'
                Info: Total cell delay = 1.399 ns ( 67.45 % )
                Info: Total interconnect delay = 0.675 ns ( 32.55 % )
        Info: + Micro clock to output delay of source is 0.250 ns
        Info: + Micro setup delay of destination is -0.036 ns
Info: tsu for register "fstate.s1" (data pin = "reset", clock pin = "clock") is 4.297 ns
    Info: + Longest pin to register delay is 6.407 ns
        Info: 1: + IC(0.000 ns) + CELL(0.842 ns) = 0.842 ns; Loc. = PIN_N23; Fanout = 2; PIN Node = 'reset'
        Info: 2: + IC(5.103 ns) + CELL(0.378 ns) = 6.323 ns; Loc. = LCCOMB_X64_Y27_N0; Fanout = 1; COMB Node = 'reg_fstate.s1~0'
        Info: 3: + IC(0.000 ns) + CELL(0.084 ns) = 6.407 ns; Loc. = LCFF_X64_Y27_N1; Fanout = 2; REG Node = 'fstate.s1'
        Info: Total cell delay = 1.304 ns ( 20.35 % )
        Info: Total interconnect delay = 5.103 ns ( 79.65 % )
    Info: + Micro setup delay of destination is -0.036 ns
    Info: - Shortest clock path from clock "clock" to destination register is 2.074 ns
        Info: 1: + IC(0.000 ns) + CELL(0.862 ns) = 0.862 ns; Loc. = PIN_G26; Fanout = 1; CLK Node = 'clock'
        Info: 2: + IC(0.675 ns) + CELL(0.537 ns) = 2.074 ns; Loc. = LCFF_X64_Y27_N1; Fanout = 2; REG Node = 'fstate.s1'
        Info: Total cell delay = 1.399 ns ( 67.45 % )
        Info: Total interconnect delay = 0.675 ns ( 32.55 % )
Info: tco from clock "clock" to destination pin "q" through register "fstate.s1" is 8.589 ns
    Info: + Longest clock path from clock "clock" to source register is 2.074 ns
        Info: 1: + IC(0.000 ns) + CELL(0.862 ns) = 0.862 ns; Loc. = PIN_G26; Fanout = 1; CLK Node = 'clock'
        Info: 2: + IC(0.675 ns) + CELL(0.537 ns) = 2.074 ns; Loc. = LCFF_X64_Y27_N1; Fanout = 2; REG Node = 'fstate.s1'
        Info: Total cell delay = 1.399 ns ( 67.45 % )
        Info: Total interconnect delay = 0.675 ns ( 32.55 % )
    Info: + Micro clock to output delay of source is 0.250 ns
    Info: + Longest register to pin delay is 6.265 ns
        Info: 1: + IC(0.000 ns) + CELL(0.000 ns) = 0.000 ns; Loc. = LCFF_X64_Y27_N1; Fanout = 2; REG Node = 'fstate.s1'
        Info: 2: + IC(0.303 ns) + CELL(0.420 ns) = 0.723 ns; Loc. = LCCOMB_X64_Y27_N10; Fanout = 1; COMB Node = 'q~0'
        Info: 3: + IC(2.734 ns) + CELL(2.808 ns) = 6.265 ns; Loc. = PIN_AE22; Fanout = 0; PIN Node = 'q'
        Info: Total cell delay = 3.228 ns ( 51.52 % )
        Info: Total interconnect delay = 3.037 ns ( 48.48 % )
Info: Longest tpd from source pin "reset" to destination pin "q" is 11.764 ns
    Info: 1: + IC(0.000 ns) + CELL(0.842 ns) = 0.842 ns; Loc. = PIN_N23; Fanout = 2; PIN Node = 'reset'
    Info: 2: + IC(5.105 ns) + CELL(0.275 ns) = 6.222 ns; Loc. = LCCOMB_X64_Y27_N10; Fanout = 1; COMB Node = 'q~0'
    Info: 3: + IC(2.734 ns) + CELL(2.808 ns) = 11.764 ns; Loc. = PIN_AE22; Fanout = 0; PIN Node = 'q'
    Info: Total cell delay = 3.925 ns ( 33.36 % )
    Info: Total interconnect delay = 7.839 ns ( 66.64 % )
Info: th for register "fstate.s1" (data pin = "t", clock pin = "clock") is -0.080 ns
    Info: + Longest clock path from clock "clock" to destination register is 2.074 ns
        Info: 1: + IC(0.000 ns) + CELL(0.862 ns) = 0.862 ns; Loc. = PIN_G26; Fanout = 1; CLK Node = 'clock'
        Info: 2: + IC(0.675 ns) + CELL(0.537 ns) = 2.074 ns; Loc. = LCFF_X64_Y27_N1; Fanout = 2; REG Node = 'fstate.s1'
        Info: Total cell delay = 1.399 ns ( 67.45 % )
        Info: Total interconnect delay = 0.675 ns ( 32.55 % )
    Info: + Micro hold delay of destination is 0.266 ns
    Info: - Shortest pin to register delay is 2.420 ns
        Info: 1: + IC(0.000 ns) + CELL(0.999 ns) = 0.999 ns; Loc. = PIN_N25; Fanout = 1; PIN Node = 't'
        Info: 2: + IC(1.187 ns) + CELL(0.150 ns) = 2.336 ns; Loc. = LCCOMB_X64_Y27_N0; Fanout = 1; COMB Node = 'reg_fstate.s1~0'
        Info: 3: + IC(0.000 ns) + CELL(0.084 ns) = 2.420 ns; Loc. = LCFF_X64_Y27_N1; Fanout = 2; REG Node = 'fstate.s1'
        Info: Total cell delay = 1.233 ns ( 50.95 % )
        Info: Total interconnect delay = 1.187 ns ( 49.05 % )
Info: Quartus II Classic Timing Analyzer was successful. 0 errors, 1 warning
    Info: Peak virtual memory: 189 megabytes
    Info: Processing ended: Tue Apr 16 17:05:59 2019
    Info: Elapsed time: 00:00:00
    Info: Total CPU time (on all processors): 00:00:00


