Classic Timing Analyzer report for ShiftRegister
Tue Mar 19 09:44:18 2019
Quartus II Version 9.1 Build 222 10/21/2009 SJ Full Version


---------------------
; Table of Contents ;
---------------------
  1. Legal Notice
  2. Timing Analyzer Summary
  3. Timing Analyzer Settings
  4. Clock Settings Summary
  5. Parallel Compilation
  6. Clock Setup: 'clk'
  7. tsu
  8. tco
  9. th
 10. Timing Analyzer Messages



----------------
; Legal Notice ;
----------------
Copyright (C) 1991-2009 Altera Corporation
Your use of Altera Corporation's design tools, logic functions 
and other software and tools, and its AMPP partner logic 
functions, and any output files from any of the foregoing 
(including device programming or simulation files), and any 
associated documentation or information are expressly subject 
to the terms and conditions of the Altera Program License 
Subscription Agreement, Altera MegaCore Function License 
Agreement, or other applicable license agreement, including, 
without limitation, that your use is for the sole purpose of 
programming logic devices manufactured by Altera and sold by 
Altera or its authorized distributors.  Please refer to the 
applicable agreement for further details.



+----------------------------------------------------------------------------------------------------------------------------------------------------------------------------+
; Timing Analyzer Summary                                                                                                                                                    ;
+------------------------------+-------+---------------+------------------------------------------------+--------------+--------------+------------+----------+--------------+
; Type                         ; Slack ; Required Time ; Actual Time                                    ; From         ; To           ; From Clock ; To Clock ; Failed Paths ;
+------------------------------+-------+---------------+------------------------------------------------+--------------+--------------+------------+----------+--------------+
; Worst-case tsu               ; N/A   ; None          ; -0.824 ns                                      ; sin          ; qout[3]~reg0 ; --         ; clk      ; 0            ;
; Worst-case tco               ; N/A   ; None          ; 7.531 ns                                       ; qout[2]~reg0 ; qout[2]      ; clk        ; --       ; 0            ;
; Worst-case th                ; N/A   ; None          ; 1.054 ns                                       ; sin          ; qout[3]~reg0 ; --         ; clk      ; 0            ;
; Clock Setup: 'clk'           ; N/A   ; None          ; Restricted to 450.05 MHz ( period = 2.222 ns ) ; qout[1]~reg0 ; qout[0]~reg0 ; clk        ; clk      ; 0            ;
; Total number of failed paths ;       ;               ;                                                ;              ;              ;            ;          ; 0            ;
+------------------------------+-------+---------------+------------------------------------------------+--------------+--------------+------------+----------+--------------+


+-----------------------------------------------------------------------------------------------------------------------------------------------------+
; Timing Analyzer Settings                                                                                                                            ;
+------------------------------------------------------------------------------------------------------+--------------------+------+----+-------------+
; Option                                                                                               ; Setting            ; From ; To ; Entity Name ;
+------------------------------------------------------------------------------------------------------+--------------------+------+----+-------------+
; Device Name                                                                                          ; EP2C35F672C6       ;      ;    ;             ;
; Timing Models                                                                                        ; Final              ;      ;    ;             ;
; Default hold multicycle                                                                              ; Same as Multicycle ;      ;    ;             ;
; Cut paths between unrelated clock domains                                                            ; On                 ;      ;    ;             ;
; Cut off read during write signal paths                                                               ; On                 ;      ;    ;             ;
; Cut off feedback from I/O pins                                                                       ; On                 ;      ;    ;             ;
; Report Combined Fast/Slow Timing                                                                     ; Off                ;      ;    ;             ;
; Ignore Clock Settings                                                                                ; Off                ;      ;    ;             ;
; Analyze latches as synchronous elements                                                              ; On                 ;      ;    ;             ;
; Enable Recovery/Removal analysis                                                                     ; Off                ;      ;    ;             ;
; Enable Clock Latency                                                                                 ; Off                ;      ;    ;             ;
; Use TimeQuest Timing Analyzer                                                                        ; Off                ;      ;    ;             ;
; Minimum Core Junction Temperature                                                                    ; 0                  ;      ;    ;             ;
; Maximum Core Junction Temperature                                                                    ; 85                 ;      ;    ;             ;
; Number of source nodes to report per destination node                                                ; 10                 ;      ;    ;             ;
; Number of destination nodes to report                                                                ; 10                 ;      ;    ;             ;
; Number of paths to report                                                                            ; 200                ;      ;    ;             ;
; Report Minimum Timing Checks                                                                         ; Off                ;      ;    ;             ;
; Use Fast Timing Models                                                                               ; Off                ;      ;    ;             ;
; Report IO Paths Separately                                                                           ; Off                ;      ;    ;             ;
; Perform Multicorner Analysis                                                                         ; On                 ;      ;    ;             ;
; Reports the worst-case path for each clock domain and analysis                                       ; Off                ;      ;    ;             ;
; Reports worst-case timing paths for each clock domain and analysis                                   ; On                 ;      ;    ;             ;
; Specifies the maximum number of worst-case timing paths to report for each clock domain and analysis ; 100                ;      ;    ;             ;
; Removes common clock path pessimism (CCPP) during slack computation                                  ; Off                ;      ;    ;             ;
; Output I/O Timing Endpoint                                                                           ; Near End           ;      ;    ;             ;
+------------------------------------------------------------------------------------------------------+--------------------+------+----+-------------+


+------------------------------------------------------------------------------------------------------------------------------------------------------------------------------------+
; Clock Settings Summary                                                                                                                                                             ;
+-----------------+--------------------+----------+------------------+---------------+--------------+----------+-----------------------+---------------------+--------+--------------+
; Clock Node Name ; Clock Setting Name ; Type     ; Fmax Requirement ; Early Latency ; Late Latency ; Based on ; Multiply Base Fmax by ; Divide Base Fmax by ; Offset ; Phase offset ;
+-----------------+--------------------+----------+------------------+---------------+--------------+----------+-----------------------+---------------------+--------+--------------+
; clk             ;                    ; User Pin ; None             ; 0.000 ns      ; 0.000 ns     ; --       ; N/A                   ; N/A                 ; N/A    ;              ;
+-----------------+--------------------+----------+------------------+---------------+--------------+----------+-----------------------+---------------------+--------+--------------+


+------------------------------------------+
; Parallel Compilation                     ;
+----------------------------+-------------+
; Processors                 ; Number      ;
+----------------------------+-------------+
; Number detected on machine ; 4           ;
; Maximum allowed            ; 4           ;
;                            ;             ;
; Average used               ; 1.00        ;
; Maximum used               ; 1           ;
;                            ;             ;
; Usage by Processor         ; % Time Used ;
;     1 processor            ; 100.0%      ;
;     2-4 processors         ;   0.0%      ;
+----------------------------+-------------+


+--------------------------------------------------------------------------------------------------------------------------------------------------------------------------------------------------+
; Clock Setup: 'clk'                                                                                                                                                                               ;
+-------+------------------------------------------------+--------------+--------------+------------+----------+-----------------------------+---------------------------+-------------------------+
; Slack ; Actual fmax (period)                           ; From         ; To           ; From Clock ; To Clock ; Required Setup Relationship ; Required Longest P2P Time ; Actual Longest P2P Time ;
+-------+------------------------------------------------+--------------+--------------+------------+----------+-----------------------------+---------------------------+-------------------------+
; N/A   ; Restricted to 450.05 MHz ( period = 2.222 ns ) ; qout[1]~reg0 ; qout[0]~reg0 ; clk        ; clk      ; None                        ; None                      ; 0.541 ns                ;
; N/A   ; Restricted to 450.05 MHz ( period = 2.222 ns ) ; qout[2]~reg0 ; qout[1]~reg0 ; clk        ; clk      ; None                        ; None                      ; 0.539 ns                ;
; N/A   ; Restricted to 450.05 MHz ( period = 2.222 ns ) ; qout[3]~reg0 ; qout[2]~reg0 ; clk        ; clk      ; None                        ; None                      ; 0.539 ns                ;
+-------+------------------------------------------------+--------------+--------------+------------+----------+-----------------------------+---------------------------+-------------------------+


+--------------------------------------------------------------------+
; tsu                                                                ;
+-------+--------------+------------+------+--------------+----------+
; Slack ; Required tsu ; Actual tsu ; From ; To           ; To Clock ;
+-------+--------------+------------+------+--------------+----------+
; N/A   ; None         ; -0.824 ns  ; sin  ; qout[3]~reg0 ; clk      ;
+-------+--------------+------------+------+--------------+----------+


+-------------------------------------------------------------------------+
; tco                                                                     ;
+-------+--------------+------------+--------------+---------+------------+
; Slack ; Required tco ; Actual tco ; From         ; To      ; From Clock ;
+-------+--------------+------------+--------------+---------+------------+
; N/A   ; None         ; 7.531 ns   ; qout[2]~reg0 ; qout[2] ; clk        ;
; N/A   ; None         ; 7.511 ns   ; qout[1]~reg0 ; qout[1] ; clk        ;
; N/A   ; None         ; 7.492 ns   ; qout[0]~reg0 ; qout[0] ; clk        ;
; N/A   ; None         ; 7.481 ns   ; qout[3]~reg0 ; qout[3] ; clk        ;
+-------+--------------+------------+--------------+---------+------------+


+--------------------------------------------------------------------------+
; th                                                                       ;
+---------------+-------------+-----------+------+--------------+----------+
; Minimum Slack ; Required th ; Actual th ; From ; To           ; To Clock ;
+---------------+-------------+-----------+------+--------------+----------+
; N/A           ; None        ; 1.054 ns  ; sin  ; qout[3]~reg0 ; clk      ;
+---------------+-------------+-----------+------+--------------+----------+


+--------------------------+
; Timing Analyzer Messages ;
+--------------------------+
Info: *******************************************************************
Info: Running Quartus II Classic Timing Analyzer
    Info: Version 9.1 Build 222 10/21/2009 SJ Full Version
    Info: Processing started: Tue Mar 19 09:44:17 2019
Info: Command: quartus_tan --read_settings_files=off --write_settings_files=off ShiftRegister -c ShiftRegister --timing_analysis_only
Info: Parallel compilation is enabled and will use 4 of the 4 processors detected
Warning: Found pins functioning as undefined clocks and/or memory enables
    Info: Assuming node "clk" is an undefined clock
Info: Clock "clk" Internal fmax is restricted to 450.05 MHz between source register "qout[1]~reg0" and destination register "qout[0]~reg0"
    Info: fmax restricted to clock pin edge rate 2.222 ns. Expand message to see actual delay path.
        Info: + Longest register to register delay is 0.541 ns
            Info: 1: + IC(0.000 ns) + CELL(0.000 ns) = 0.000 ns; Loc. = LCFF_X64_Y7_N3; Fanout = 2; REG Node = 'qout[1]~reg0'
            Info: 2: + IC(0.308 ns) + CELL(0.149 ns) = 0.457 ns; Loc. = LCCOMB_X64_Y7_N16; Fanout = 1; COMB Node = 'qout[0]~reg0feeder'
            Info: 3: + IC(0.000 ns) + CELL(0.084 ns) = 0.541 ns; Loc. = LCFF_X64_Y7_N17; Fanout = 1; REG Node = 'qout[0]~reg0'
            Info: Total cell delay = 0.233 ns ( 43.07 % )
            Info: Total interconnect delay = 0.308 ns ( 56.93 % )
        Info: - Smallest clock skew is 0.000 ns
            Info: + Shortest clock path from clock "clk" to destination register is 3.444 ns
                Info: 1: + IC(0.000 ns) + CELL(0.862 ns) = 0.862 ns; Loc. = PIN_G26; Fanout = 4; CLK Node = 'clk'
                Info: 2: + IC(2.045 ns) + CELL(0.537 ns) = 3.444 ns; Loc. = LCFF_X64_Y7_N17; Fanout = 1; REG Node = 'qout[0]~reg0'
                Info: Total cell delay = 1.399 ns ( 40.62 % )
                Info: Total interconnect delay = 2.045 ns ( 59.38 % )
            Info: - Longest clock path from clock "clk" to source register is 3.444 ns
                Info: 1: + IC(0.000 ns) + CELL(0.862 ns) = 0.862 ns; Loc. = PIN_G26; Fanout = 4; CLK Node = 'clk'
                Info: 2: + IC(2.045 ns) + CELL(0.537 ns) = 3.444 ns; Loc. = LCFF_X64_Y7_N3; Fanout = 2; REG Node = 'qout[1]~reg0'
                Info: Total cell delay = 1.399 ns ( 40.62 % )
                Info: Total interconnect delay = 2.045 ns ( 59.38 % )
        Info: + Micro clock to output delay of source is 0.250 ns
        Info: + Micro setup delay of destination is -0.036 ns
Info: tsu for register "qout[3]~reg0" (data pin = "sin", clock pin = "clk") is -0.824 ns
    Info: + Longest pin to register delay is 2.656 ns
        Info: 1: + IC(0.000 ns) + CELL(0.999 ns) = 0.999 ns; Loc. = PIN_N25; Fanout = 1; PIN Node = 'sin'
        Info: 2: + IC(1.291 ns) + CELL(0.366 ns) = 2.656 ns; Loc. = LCFF_X64_Y7_N7; Fanout = 2; REG Node = 'qout[3]~reg0'
        Info: Total cell delay = 1.365 ns ( 51.39 % )
        Info: Total interconnect delay = 1.291 ns ( 48.61 % )
    Info: + Micro setup delay of destination is -0.036 ns
    Info: - Shortest clock path from clock "clk" to destination register is 3.444 ns
        Info: 1: + IC(0.000 ns) + CELL(0.862 ns) = 0.862 ns; Loc. = PIN_G26; Fanout = 4; CLK Node = 'clk'
        Info: 2: + IC(2.045 ns) + CELL(0.537 ns) = 3.444 ns; Loc. = LCFF_X64_Y7_N7; Fanout = 2; REG Node = 'qout[3]~reg0'
        Info: Total cell delay = 1.399 ns ( 40.62 % )
        Info: Total interconnect delay = 2.045 ns ( 59.38 % )
Info: tco from clock "clk" to destination pin "qout[2]" through register "qout[2]~reg0" is 7.531 ns
    Info: + Longest clock path from clock "clk" to source register is 3.444 ns
        Info: 1: + IC(0.000 ns) + CELL(0.862 ns) = 0.862 ns; Loc. = PIN_G26; Fanout = 4; CLK Node = 'clk'
        Info: 2: + IC(2.045 ns) + CELL(0.537 ns) = 3.444 ns; Loc. = LCFF_X64_Y7_N29; Fanout = 2; REG Node = 'qout[2]~reg0'
        Info: Total cell delay = 1.399 ns ( 40.62 % )
        Info: Total interconnect delay = 2.045 ns ( 59.38 % )
    Info: + Micro clock to output delay of source is 0.250 ns
    Info: + Longest register to pin delay is 3.837 ns
        Info: 1: + IC(0.000 ns) + CELL(0.000 ns) = 0.000 ns; Loc. = LCFF_X64_Y7_N29; Fanout = 2; REG Node = 'qout[2]~reg0'
        Info: 2: + IC(1.049 ns) + CELL(2.788 ns) = 3.837 ns; Loc. = PIN_AB21; Fanout = 0; PIN Node = 'qout[2]'
        Info: Total cell delay = 2.788 ns ( 72.66 % )
        Info: Total interconnect delay = 1.049 ns ( 27.34 % )
Info: th for register "qout[3]~reg0" (data pin = "sin", clock pin = "clk") is 1.054 ns
    Info: + Longest clock path from clock "clk" to destination register is 3.444 ns
        Info: 1: + IC(0.000 ns) + CELL(0.862 ns) = 0.862 ns; Loc. = PIN_G26; Fanout = 4; CLK Node = 'clk'
        Info: 2: + IC(2.045 ns) + CELL(0.537 ns) = 3.444 ns; Loc. = LCFF_X64_Y7_N7; Fanout = 2; REG Node = 'qout[3]~reg0'
        Info: Total cell delay = 1.399 ns ( 40.62 % )
        Info: Total interconnect delay = 2.045 ns ( 59.38 % )
    Info: + Micro hold delay of destination is 0.266 ns
    Info: - Shortest pin to register delay is 2.656 ns
        Info: 1: + IC(0.000 ns) + CELL(0.999 ns) = 0.999 ns; Loc. = PIN_N25; Fanout = 1; PIN Node = 'sin'
        Info: 2: + IC(1.291 ns) + CELL(0.366 ns) = 2.656 ns; Loc. = LCFF_X64_Y7_N7; Fanout = 2; REG Node = 'qout[3]~reg0'
        Info: Total cell delay = 1.365 ns ( 51.39 % )
        Info: Total interconnect delay = 1.291 ns ( 48.61 % )
Info: Quartus II Classic Timing Analyzer was successful. 0 errors, 1 warning
    Info: Peak virtual memory: 189 megabytes
    Info: Processing ended: Tue Mar 19 09:44:18 2019
    Info: Elapsed time: 00:00:01
    Info: Total CPU time (on all processors): 00:00:00


