Classic Timing Analyzer report for universal_SR
Tue Mar 19 10:11:16 2019
Quartus II Version 9.1 Build 222 10/21/2009 SJ Full Version


---------------------
; Table of Contents ;
---------------------
  1. Legal Notice
  2. Timing Analyzer Summary
  3. Timing Analyzer Settings
  4. Clock Settings Summary
  5. Parallel Compilation
  6. Clock Setup: 'clk'
  7. tsu
  8. tco
  9. th
 10. Timing Analyzer Messages



----------------
; Legal Notice ;
----------------
Copyright (C) 1991-2009 Altera Corporation
Your use of Altera Corporation's design tools, logic functions 
and other software and tools, and its AMPP partner logic 
functions, and any output files from any of the foregoing 
(including device programming or simulation files), and any 
associated documentation or information are expressly subject 
to the terms and conditions of the Altera Program License 
Subscription Agreement, Altera MegaCore Function License 
Agreement, or other applicable license agreement, including, 
without limitation, that your use is for the sole purpose of 
programming logic devices manufactured by Altera and sold by 
Altera or its authorized distributors.  Please refer to the 
applicable agreement for further details.



+----------------------------------------------------------------------------------------------------------------------------------------------------------------------------+
; Timing Analyzer Summary                                                                                                                                                    ;
+------------------------------+-------+---------------+------------------------------------------------+--------------+--------------+------------+----------+--------------+
; Type                         ; Slack ; Required Time ; Actual Time                                    ; From         ; To           ; From Clock ; To Clock ; Failed Paths ;
+------------------------------+-------+---------------+------------------------------------------------+--------------+--------------+------------+----------+--------------+
; Worst-case tsu               ; N/A   ; None          ; 4.832 ns                                       ; s[0]         ; qout[3]~reg0 ; --         ; clk      ; 0            ;
; Worst-case tco               ; N/A   ; None          ; 7.760 ns                                       ; qout[1]~reg0 ; qout[1]      ; clk        ; --       ; 0            ;
; Worst-case th                ; N/A   ; None          ; 1.239 ns                                       ; sin          ; qout[0]~reg0 ; --         ; clk      ; 0            ;
; Clock Setup: 'clk'           ; N/A   ; None          ; Restricted to 450.05 MHz ( period = 2.222 ns ) ; qout[1]~reg0 ; qout[2]~reg0 ; clk        ; clk      ; 0            ;
; Total number of failed paths ;       ;               ;                                                ;              ;              ;            ;          ; 0            ;
+------------------------------+-------+---------------+------------------------------------------------+--------------+--------------+------------+----------+--------------+


+-----------------------------------------------------------------------------------------------------------------------------------------------------+
; Timing Analyzer Settings                                                                                                                            ;
+------------------------------------------------------------------------------------------------------+--------------------+------+----+-------------+
; Option                                                                                               ; Setting            ; From ; To ; Entity Name ;
+------------------------------------------------------------------------------------------------------+--------------------+------+----+-------------+
; Device Name                                                                                          ; EP2C35F672C6       ;      ;    ;             ;
; Timing Models                                                                                        ; Final              ;      ;    ;             ;
; Default hold multicycle                                                                              ; Same as Multicycle ;      ;    ;             ;
; Cut paths between unrelated clock domains                                                            ; On                 ;      ;    ;             ;
; Cut off read during write signal paths                                                               ; On                 ;      ;    ;             ;
; Cut off feedback from I/O pins                                                                       ; On                 ;      ;    ;             ;
; Report Combined Fast/Slow Timing                                                                     ; Off                ;      ;    ;             ;
; Ignore Clock Settings                                                                                ; Off                ;      ;    ;             ;
; Analyze latches as synchronous elements                                                              ; On                 ;      ;    ;             ;
; Enable Recovery/Removal analysis                                                                     ; Off                ;      ;    ;             ;
; Enable Clock Latency                                                                                 ; Off                ;      ;    ;             ;
; Use TimeQuest Timing Analyzer                                                                        ; Off                ;      ;    ;             ;
; Minimum Core Junction Temperature                                                                    ; 0                  ;      ;    ;             ;
; Maximum Core Junction Temperature                                                                    ; 85                 ;      ;    ;             ;
; Number of source nodes to report per destination node                                                ; 10                 ;      ;    ;             ;
; Number of destination nodes to report                                                                ; 10                 ;      ;    ;             ;
; Number of paths to report                                                                            ; 200                ;      ;    ;             ;
; Report Minimum Timing Checks                                                                         ; Off                ;      ;    ;             ;
; Use Fast Timing Models                                                                               ; Off                ;      ;    ;             ;
; Report IO Paths Separately                                                                           ; Off                ;      ;    ;             ;
; Perform Multicorner Analysis                                                                         ; On                 ;      ;    ;             ;
; Reports the worst-case path for each clock domain and analysis                                       ; Off                ;      ;    ;             ;
; Reports worst-case timing paths for each clock domain and analysis                                   ; On                 ;      ;    ;             ;
; Specifies the maximum number of worst-case timing paths to report for each clock domain and analysis ; 100                ;      ;    ;             ;
; Removes common clock path pessimism (CCPP) during slack computation                                  ; Off                ;      ;    ;             ;
; Output I/O Timing Endpoint                                                                           ; Near End           ;      ;    ;             ;
+------------------------------------------------------------------------------------------------------+--------------------+------+----+-------------+


+------------------------------------------------------------------------------------------------------------------------------------------------------------------------------------+
; Clock Settings Summary                                                                                                                                                             ;
+-----------------+--------------------+----------+------------------+---------------+--------------+----------+-----------------------+---------------------+--------+--------------+
; Clock Node Name ; Clock Setting Name ; Type     ; Fmax Requirement ; Early Latency ; Late Latency ; Based on ; Multiply Base Fmax by ; Divide Base Fmax by ; Offset ; Phase offset ;
+-----------------+--------------------+----------+------------------+---------------+--------------+----------+-----------------------+---------------------+--------+--------------+
; clk             ;                    ; User Pin ; None             ; 0.000 ns      ; 0.000 ns     ; --       ; N/A                   ; N/A                 ; N/A    ;              ;
+-----------------+--------------------+----------+------------------+---------------+--------------+----------+-----------------------+---------------------+--------+--------------+


+------------------------------------------+
; Parallel Compilation                     ;
+----------------------------+-------------+
; Processors                 ; Number      ;
+----------------------------+-------------+
; Number detected on machine ; 4           ;
; Maximum allowed            ; 4           ;
;                            ;             ;
; Average used               ; 1.00        ;
; Maximum used               ; 1           ;
;                            ;             ;
; Usage by Processor         ; % Time Used ;
;     1 processor            ; 100.0%      ;
;     2-4 processors         ;   0.0%      ;
+----------------------------+-------------+


+--------------------------------------------------------------------------------------------------------------------------------------------------------------------------------------------------+
; Clock Setup: 'clk'                                                                                                                                                                               ;
+-------+------------------------------------------------+--------------+--------------+------------+----------+-----------------------------+---------------------------+-------------------------+
; Slack ; Actual fmax (period)                           ; From         ; To           ; From Clock ; To Clock ; Required Setup Relationship ; Required Longest P2P Time ; Actual Longest P2P Time ;
+-------+------------------------------------------------+--------------+--------------+------------+----------+-----------------------------+---------------------------+-------------------------+
; N/A   ; Restricted to 450.05 MHz ( period = 2.222 ns ) ; qout[1]~reg0 ; qout[2]~reg0 ; clk        ; clk      ; None                        ; None                      ; 0.869 ns                ;
; N/A   ; Restricted to 450.05 MHz ( period = 2.222 ns ) ; qout[2]~reg0 ; qout[1]~reg0 ; clk        ; clk      ; None                        ; None                      ; 0.820 ns                ;
; N/A   ; Restricted to 450.05 MHz ( period = 2.222 ns ) ; qout[2]~reg0 ; qout[3]~reg0 ; clk        ; clk      ; None                        ; None                      ; 0.688 ns                ;
; N/A   ; Restricted to 450.05 MHz ( period = 2.222 ns ) ; qout[0]~reg0 ; qout[1]~reg0 ; clk        ; clk      ; None                        ; None                      ; 0.683 ns                ;
; N/A   ; Restricted to 450.05 MHz ( period = 2.222 ns ) ; qout[1]~reg0 ; qout[0]~reg0 ; clk        ; clk      ; None                        ; None                      ; 0.545 ns                ;
; N/A   ; Restricted to 450.05 MHz ( period = 2.222 ns ) ; qout[3]~reg0 ; qout[2]~reg0 ; clk        ; clk      ; None                        ; None                      ; 0.540 ns                ;
+-------+------------------------------------------------+--------------+--------------+------------+----------+-----------------------------+---------------------------+-------------------------+


+----------------------------------------------------------------------+
; tsu                                                                  ;
+-------+--------------+------------+--------+--------------+----------+
; Slack ; Required tsu ; Actual tsu ; From   ; To           ; To Clock ;
+-------+--------------+------------+--------+--------------+----------+
; N/A   ; None         ; 4.832 ns   ; s[0]   ; qout[0]~reg0 ; clk      ;
; N/A   ; None         ; 4.832 ns   ; s[0]   ; qout[1]~reg0 ; clk      ;
; N/A   ; None         ; 4.832 ns   ; s[0]   ; qout[2]~reg0 ; clk      ;
; N/A   ; None         ; 4.832 ns   ; s[0]   ; qout[3]~reg0 ; clk      ;
; N/A   ; None         ; 4.671 ns   ; s[1]   ; qout[0]~reg0 ; clk      ;
; N/A   ; None         ; 4.671 ns   ; s[1]   ; qout[1]~reg0 ; clk      ;
; N/A   ; None         ; 4.671 ns   ; s[1]   ; qout[2]~reg0 ; clk      ;
; N/A   ; None         ; 4.671 ns   ; s[1]   ; qout[3]~reg0 ; clk      ;
; N/A   ; None         ; 0.620 ns   ; pin[2] ; qout[2]~reg0 ; clk      ;
; N/A   ; None         ; 0.193 ns   ; pin[3] ; qout[3]~reg0 ; clk      ;
; N/A   ; None         ; 0.183 ns   ; pin[0] ; qout[0]~reg0 ; clk      ;
; N/A   ; None         ; 0.114 ns   ; pin[1] ; qout[1]~reg0 ; clk      ;
; N/A   ; None         ; -0.881 ns  ; sin    ; qout[3]~reg0 ; clk      ;
; N/A   ; None         ; -1.009 ns  ; sin    ; qout[0]~reg0 ; clk      ;
+-------+--------------+------------+--------+--------------+----------+


+-------------------------------------------------------------------------+
; tco                                                                     ;
+-------+--------------+------------+--------------+---------+------------+
; Slack ; Required tco ; Actual tco ; From         ; To      ; From Clock ;
+-------+--------------+------------+--------------+---------+------------+
; N/A   ; None         ; 7.760 ns   ; qout[1]~reg0 ; qout[1] ; clk        ;
; N/A   ; None         ; 7.731 ns   ; qout[0]~reg0 ; qout[0] ; clk        ;
; N/A   ; None         ; 7.725 ns   ; qout[2]~reg0 ; qout[2] ; clk        ;
; N/A   ; None         ; 7.720 ns   ; qout[3]~reg0 ; qout[3] ; clk        ;
+-------+--------------+------------+--------------+---------+------------+


+----------------------------------------------------------------------------+
; th                                                                         ;
+---------------+-------------+-----------+--------+--------------+----------+
; Minimum Slack ; Required th ; Actual th ; From   ; To           ; To Clock ;
+---------------+-------------+-----------+--------+--------------+----------+
; N/A           ; None        ; 1.239 ns  ; sin    ; qout[0]~reg0 ; clk      ;
; N/A           ; None        ; 1.111 ns  ; sin    ; qout[3]~reg0 ; clk      ;
; N/A           ; None        ; 0.116 ns  ; pin[1] ; qout[1]~reg0 ; clk      ;
; N/A           ; None        ; 0.047 ns  ; pin[0] ; qout[0]~reg0 ; clk      ;
; N/A           ; None        ; 0.037 ns  ; pin[3] ; qout[3]~reg0 ; clk      ;
; N/A           ; None        ; -0.390 ns ; pin[2] ; qout[2]~reg0 ; clk      ;
; N/A           ; None        ; -3.818 ns ; s[1]   ; qout[1]~reg0 ; clk      ;
; N/A           ; None        ; -3.819 ns ; s[1]   ; qout[3]~reg0 ; clk      ;
; N/A           ; None        ; -3.842 ns ; s[1]   ; qout[0]~reg0 ; clk      ;
; N/A           ; None        ; -3.845 ns ; s[1]   ; qout[2]~reg0 ; clk      ;
; N/A           ; None        ; -3.930 ns ; s[0]   ; qout[0]~reg0 ; clk      ;
; N/A           ; None        ; -3.930 ns ; s[0]   ; qout[1]~reg0 ; clk      ;
; N/A           ; None        ; -3.930 ns ; s[0]   ; qout[2]~reg0 ; clk      ;
; N/A           ; None        ; -3.930 ns ; s[0]   ; qout[3]~reg0 ; clk      ;
+---------------+-------------+-----------+--------+--------------+----------+


+--------------------------+
; Timing Analyzer Messages ;
+--------------------------+
Info: *******************************************************************
Info: Running Quartus II Classic Timing Analyzer
    Info: Version 9.1 Build 222 10/21/2009 SJ Full Version
    Info: Processing started: Tue Mar 19 10:11:16 2019
Info: Command: quartus_tan --read_settings_files=off --write_settings_files=off universal_SR -c universal_SR --timing_analysis_only
Info: Parallel compilation is enabled and will use 4 of the 4 processors detected
Warning: Found pins functioning as undefined clocks and/or memory enables
    Info: Assuming node "clk" is an undefined clock
Info: Clock "clk" Internal fmax is restricted to 450.05 MHz between source register "qout[1]~reg0" and destination register "qout[2]~reg0"
    Info: fmax restricted to clock pin edge rate 2.222 ns. Expand message to see actual delay path.
        Info: + Longest register to register delay is 0.869 ns
            Info: 1: + IC(0.000 ns) + CELL(0.000 ns) = 0.000 ns; Loc. = LCFF_X64_Y12_N19; Fanout = 3; REG Node = 'qout[1]~reg0'
            Info: 2: + IC(0.503 ns) + CELL(0.366 ns) = 0.869 ns; Loc. = LCFF_X64_Y12_N5; Fanout = 3; REG Node = 'qout[2]~reg0'
            Info: Total cell delay = 0.366 ns ( 42.12 % )
            Info: Total interconnect delay = 0.503 ns ( 57.88 % )
        Info: - Smallest clock skew is 0.000 ns
            Info: + Shortest clock path from clock "clk" to destination register is 3.324 ns
                Info: 1: + IC(0.000 ns) + CELL(0.862 ns) = 0.862 ns; Loc. = PIN_G26; Fanout = 4; CLK Node = 'clk'
                Info: 2: + IC(1.925 ns) + CELL(0.537 ns) = 3.324 ns; Loc. = LCFF_X64_Y12_N5; Fanout = 3; REG Node = 'qout[2]~reg0'
                Info: Total cell delay = 1.399 ns ( 42.09 % )
                Info: Total interconnect delay = 1.925 ns ( 57.91 % )
            Info: - Longest clock path from clock "clk" to source register is 3.324 ns
                Info: 1: + IC(0.000 ns) + CELL(0.862 ns) = 0.862 ns; Loc. = PIN_G26; Fanout = 4; CLK Node = 'clk'
                Info: 2: + IC(1.925 ns) + CELL(0.537 ns) = 3.324 ns; Loc. = LCFF_X64_Y12_N19; Fanout = 3; REG Node = 'qout[1]~reg0'
                Info: Total cell delay = 1.399 ns ( 42.09 % )
                Info: Total interconnect delay = 1.925 ns ( 57.91 % )
        Info: + Micro clock to output delay of source is 0.250 ns
        Info: + Micro setup delay of destination is -0.036 ns
Info: tsu for register "qout[0]~reg0" (data pin = "s[0]", clock pin = "clk") is 4.832 ns
    Info: + Longest pin to register delay is 8.192 ns
        Info: 1: + IC(0.000 ns) + CELL(0.852 ns) = 0.852 ns; Loc. = PIN_V1; Fanout = 5; PIN Node = 's[0]'
        Info: 2: + IC(6.032 ns) + CELL(0.420 ns) = 7.304 ns; Loc. = LCCOMB_X64_Y12_N24; Fanout = 4; COMB Node = 'qout[0]~4'
        Info: 3: + IC(0.228 ns) + CELL(0.660 ns) = 8.192 ns; Loc. = LCFF_X64_Y12_N17; Fanout = 2; REG Node = 'qout[0]~reg0'
        Info: Total cell delay = 1.932 ns ( 23.58 % )
        Info: Total interconnect delay = 6.260 ns ( 76.42 % )
    Info: + Micro setup delay of destination is -0.036 ns
    Info: - Shortest clock path from clock "clk" to destination register is 3.324 ns
        Info: 1: + IC(0.000 ns) + CELL(0.862 ns) = 0.862 ns; Loc. = PIN_G26; Fanout = 4; CLK Node = 'clk'
        Info: 2: + IC(1.925 ns) + CELL(0.537 ns) = 3.324 ns; Loc. = LCFF_X64_Y12_N17; Fanout = 2; REG Node = 'qout[0]~reg0'
        Info: Total cell delay = 1.399 ns ( 42.09 % )
        Info: Total interconnect delay = 1.925 ns ( 57.91 % )
Info: tco from clock "clk" to destination pin "qout[1]" through register "qout[1]~reg0" is 7.760 ns
    Info: + Longest clock path from clock "clk" to source register is 3.324 ns
        Info: 1: + IC(0.000 ns) + CELL(0.862 ns) = 0.862 ns; Loc. = PIN_G26; Fanout = 4; CLK Node = 'clk'
        Info: 2: + IC(1.925 ns) + CELL(0.537 ns) = 3.324 ns; Loc. = LCFF_X64_Y12_N19; Fanout = 3; REG Node = 'qout[1]~reg0'
        Info: Total cell delay = 1.399 ns ( 42.09 % )
        Info: Total interconnect delay = 1.925 ns ( 57.91 % )
    Info: + Micro clock to output delay of source is 0.250 ns
    Info: + Longest register to pin delay is 4.186 ns
        Info: 1: + IC(0.000 ns) + CELL(0.000 ns) = 0.000 ns; Loc. = LCFF_X64_Y12_N19; Fanout = 3; REG Node = 'qout[1]~reg0'
        Info: 2: + IC(1.368 ns) + CELL(2.818 ns) = 4.186 ns; Loc. = PIN_AF23; Fanout = 0; PIN Node = 'qout[1]'
        Info: Total cell delay = 2.818 ns ( 67.32 % )
        Info: Total interconnect delay = 1.368 ns ( 32.68 % )
Info: th for register "qout[0]~reg0" (data pin = "sin", clock pin = "clk") is 1.239 ns
    Info: + Longest clock path from clock "clk" to destination register is 3.324 ns
        Info: 1: + IC(0.000 ns) + CELL(0.862 ns) = 0.862 ns; Loc. = PIN_G26; Fanout = 4; CLK Node = 'clk'
        Info: 2: + IC(1.925 ns) + CELL(0.537 ns) = 3.324 ns; Loc. = LCFF_X64_Y12_N17; Fanout = 2; REG Node = 'qout[0]~reg0'
        Info: Total cell delay = 1.399 ns ( 42.09 % )
        Info: Total interconnect delay = 1.925 ns ( 57.91 % )
    Info: + Micro hold delay of destination is 0.266 ns
    Info: - Shortest pin to register delay is 2.351 ns
        Info: 1: + IC(0.000 ns) + CELL(0.999 ns) = 0.999 ns; Loc. = PIN_N25; Fanout = 2; PIN Node = 'sin'
        Info: 2: + IC(0.986 ns) + CELL(0.366 ns) = 2.351 ns; Loc. = LCFF_X64_Y12_N17; Fanout = 2; REG Node = 'qout[0]~reg0'
        Info: Total cell delay = 1.365 ns ( 58.06 % )
        Info: Total interconnect delay = 0.986 ns ( 41.94 % )
Info: Quartus II Classic Timing Analyzer was successful. 0 errors, 1 warning
    Info: Peak virtual memory: 189 megabytes
    Info: Processing ended: Tue Mar 19 10:11:16 2019
    Info: Elapsed time: 00:00:00
    Info: Total CPU time (on all processors): 00:00:00


