Running: C:\Xilinx\14.7\ISE_DS\ISE\bin\nt64\unwrapped\fuse.exe -intstyle ise -incremental -lib unisims_ver -lib unimacro_ver -lib xilinxcorelib_ver -lib secureip -o C:/Users/Student/Desktop/ShashankShivv/MuxDemux/mux_test_isim_beh.exe -prj C:/Users/Student/Desktop/ShashankShivv/MuxDemux/mux_test_beh.prj work.mux_test work.glbl 
ISim P.20131013 (signature 0x7708f090)
Number of CPUs detected in this system: 4
Turning on mult-threading, number of parallel sub-compilation jobs: 8 
Determining compilation order of HDL files
Analyzing Verilog file "C:/Users/Student/Desktop/ShashankShivv/MuxDemux/mux.v" into library work
Analyzing Verilog file "C:/Users/Student/Desktop/ShashankShivv/MuxDemux/mux_test.v" into library work
Analyzing Verilog file "C:/Xilinx/14.7/ISE_DS/ISE//verilog/src/glbl.v" into library work
Starting static elaboration
WARNING:HDLCompiler:1016 - "C:/Users/Student/Desktop/ShashankShivv/MuxDemux/mux_test.v" Line 31: Port s is not connected to this instance
Completed static elaboration
Compiling module mux_switch
Compiling module mux_test
Compiling module glbl
Time Resolution for simulation is 1ps.
Waiting for 1 sub-compilation(s) to finish...
Compiled 3 Verilog Units
Built simulation executable C:/Users/Student/Desktop/ShashankShivv/MuxDemux/mux_test_isim_beh.exe
Fuse Memory Usage: 27160 KB
Fuse CPU Usage: 218 ms
