Release 14.7 - xst P.20131013 (nt64)
Copyright (c) 1995-2013 Xilinx, Inc.  All rights reserved.
--> Parameter TMPDIR set to xst/projnav.tmp


Total REAL time to Xst completion: 0.00 secs
Total CPU time to Xst completion: 0.08 secs
 
--> Parameter xsthdpdir set to xst


Total REAL time to Xst completion: 0.00 secs
Total CPU time to Xst completion: 0.08 secs
 
--> Reading design: comparator.prj

TABLE OF CONTENTS
  1) Synthesis Options Summary
  2) HDL Parsing
  3) HDL Elaboration
  4) HDL Synthesis
       4.1) HDL Synthesis Report
  5) Advanced HDL Synthesis
       5.1) Advanced HDL Synthesis Report
  6) Low Level Synthesis
  7) Partition Report
  8) Design Summary
       8.1) Primitive and Black Box Usage
       8.2) Device utilization summary
       8.3) Partition Resource Summary
       8.4) Timing Report
            8.4.1) Clock Information
            8.4.2) Asynchronous Control Signals Information
            8.4.3) Timing Summary
            8.4.4) Timing Details
            8.4.5) Cross Clock Domains Report


=========================================================================
*                      Synthesis Options Summary                        *
=========================================================================
---- Source Parameters
Input File Name                    : "comparator.prj"
Ignore Synthesis Constraint File   : NO

---- Target Parameters
Output File Name                   : "comparator"
Output Format                      : NGC
Target Device                      : xc7a100t-1-csg324

---- Source Options
Top Module Name                    : comparator
Automatic FSM Extraction           : YES
FSM Encoding Algorithm             : Auto
Safe Implementation                : No
FSM Style                          : LUT
RAM Extraction                     : Yes
RAM Style                          : Auto
ROM Extraction                     : Yes
Shift Register Extraction          : YES
ROM Style                          : Auto
Resource Sharing                   : YES
Asynchronous To Synchronous        : NO
Shift Register Minimum Size        : 2
Use DSP Block                      : Auto
Automatic Register Balancing       : No

---- Target Options
LUT Combining                      : Auto
Reduce Control Sets                : Auto
Add IO Buffers                     : YES
Global Maximum Fanout              : 100000
Add Generic Clock Buffer(BUFG)     : 32
Register Duplication               : YES
Optimize Instantiated Primitives   : NO
Use Clock Enable                   : Auto
Use Synchronous Set                : Auto
Use Synchronous Reset              : Auto
Pack IO Registers into IOBs        : Auto
Equivalent register Removal        : YES

---- General Options
Optimization Goal                  : Speed
Optimization Effort                : 1
Power Reduction                    : NO
Keep Hierarchy                     : No
Netlist Hierarchy                  : As_Optimized
RTL Output                         : Yes
Global Optimization                : AllClockNets
Read Cores                         : YES
Write Timing Constraints           : NO
Cross Clock Analysis               : NO
Hierarchy Separator                : /
Bus Delimiter                      : <>
Case Specifier                     : Maintain
Slice Utilization Ratio            : 100
BRAM Utilization Ratio             : 100
DSP48 Utilization Ratio            : 100
Auto BRAM Packing                  : NO
Slice Utilization Ratio Delta      : 5

=========================================================================


=========================================================================
*                          HDL Parsing                                  *
=========================================================================
Analyzing Verilog file "C:\Users\Student\Desktop\atvi\a61_62\comparator.v" into library work
Parsing module <comparator>.

=========================================================================
*                            HDL Elaboration                            *
=========================================================================

Elaborating module <comparator>.
WARNING:HDLCompiler:413 - "C:\Users\Student\Desktop\atvi\a61_62\comparator.v" Line 31: Result of 32-bit expression is truncated to fit in 1-bit target.
WARNING:HDLCompiler:413 - "C:\Users\Student\Desktop\atvi\a61_62\comparator.v" Line 32: Result of 32-bit expression is truncated to fit in 1-bit target.
WARNING:HDLCompiler:413 - "C:\Users\Student\Desktop\atvi\a61_62\comparator.v" Line 33: Result of 32-bit expression is truncated to fit in 1-bit target.

=========================================================================
*                           HDL Synthesis                               *
=========================================================================

Synthesizing Unit <comparator>.
    Related source file is "C:\Users\Student\Desktop\atvi\a61_62\comparator.v".
    Found 4-bit comparator equal for signal <al[3]_bl[3]_equal_1_o> created at line 31
    Found 4-bit comparator greater for signal <bl[3]_al[3]_LessThan_3_o> created at line 32
    Found 4-bit comparator greater for signal <al[3]_bl[3]_LessThan_5_o> created at line 33
    Found 4-bit comparator equal for signal <ah[3]_bh[3]_equal_7_o> created at line 34
    Found 4-bit comparator greater for signal <bh[3]_ah[3]_LessThan_9_o> created at line 35
    Found 4-bit comparator greater for signal <ah[3]_bh[3]_LessThan_12_o> created at line 36
    Summary:
	inferred   6 Comparator(s).
Unit <comparator> synthesized.

=========================================================================
HDL Synthesis Report

Macro Statistics
# Comparators                                          : 6
 4-bit comparator equal                                : 2
 4-bit comparator greater                              : 4

=========================================================================

=========================================================================
*                       Advanced HDL Synthesis                          *
=========================================================================


=========================================================================
Advanced HDL Synthesis Report

Macro Statistics
# Comparators                                          : 6
 4-bit comparator equal                                : 2
 4-bit comparator greater                              : 4

=========================================================================

=========================================================================
*                         Low Level Synthesis                           *
=========================================================================

Optimizing unit <comparator> ...

Mapping all equations...
Building and optimizing final netlist ...
Found area constraint ratio of 100 (+ 5) on block comparator, actual ratio is 0.

Final Macro Processing ...

=========================================================================
Final Register Report

Found no macro
=========================================================================

=========================================================================
*                           Partition Report                            *
=========================================================================

Partition Implementation Status
-------------------------------

  No Partitions were found in this design.

-------------------------------

=========================================================================
*                            Design Summary                             *
=========================================================================

Top Level Output File Name         : comparator.ngc

Primitive and Black Box Usage:
------------------------------
# BELS                             : 12
#      LUT3                        : 2
#      LUT4                        : 2
#      LUT5                        : 3
#      LUT6                        : 5
# IO Buffers                       : 19
#      IBUF                        : 16
#      OBUF                        : 3

Device utilization summary:
---------------------------

Selected Device : 7a100tcsg324-1 


Slice Logic Utilization: 
 Number of Slice LUTs:                   12  out of  63400     0%  
    Number used as Logic:                12  out of  63400     0%  

Slice Logic Distribution: 
 Number of LUT Flip Flop pairs used:     12
   Number with an unused Flip Flop:      12  out of     12   100%  
   Number with an unused LUT:             0  out of     12     0%  
   Number of fully used LUT-FF pairs:     0  out of     12     0%  
   Number of unique control sets:         0

IO Utilization: 
 Number of IOs:                          19
 Number of bonded IOBs:                  19  out of    210     9%  

Specific Feature Utilization:

---------------------------
Partition Resource Summary:
---------------------------

  No Partitions were found in this design.

---------------------------


=========================================================================
Timing Report

NOTE: THESE TIMING NUMBERS ARE ONLY A SYNTHESIS ESTIMATE.
      FOR ACCURATE TIMING INFORMATION PLEASE REFER TO THE TRACE REPORT
      GENERATED AFTER PLACE-and-ROUTE.

Clock Information:
------------------
No clock signals found in this design

Asynchronous Control Signals Information:
----------------------------------------
No asynchronous control signals found in this design

Timing Summary:
---------------
Speed Grade: -1

   Minimum period: No path found
   Minimum input arrival time before clock: No path found
   Maximum output required time after clock: No path found
   Maximum combinational path delay: 3.434ns

Timing Details:
---------------
All values displayed in nanoseconds (ns)

=========================================================================
Timing constraint: Default path analysis
  Total number of paths / destination ports: 64 / 3
-------------------------------------------------------------------------
Delay:               3.434ns (Levels of Logic = 5)
  Source:            ah<0> (PAD)
  Destination:       oe (PAD)

  Data Path: ah<0> to oe
                                Gate     Net
    Cell:in->out      fanout   Delay   Delay  Logical Name (Net Name)
    ----------------------------------------  ------------
     IBUF:I->O             3   0.001   0.790  ah_0_IBUF (ah_0_IBUF)
     LUT4:I0->O            1   0.124   0.919  ah[3]_bh[3]_equal_7_o4_SW0 (N8)
     LUT5:I0->O            3   0.124   0.953  ah[3]_bh[3]_equal_7_o4 (ah[3]_bh[3]_equal_7_o)
     LUT6:I0->O            1   0.124   0.399  oe (oe_OBUF)
     OBUF:I->O                 0.000          oe_OBUF (oe)
    ----------------------------------------
    Total                      3.434ns (0.373ns logic, 3.061ns route)
                                       (10.9% logic, 89.1% route)

=========================================================================

Cross Clock Domains Report:
--------------------------

=========================================================================


Total REAL time to Xst completion: 7.00 secs
Total CPU time to Xst completion: 7.42 secs
 
--> 

Total memory usage is 4653284 kilobytes

Number of errors   :    0 (   0 filtered)
Number of warnings :    3 (   0 filtered)
Number of infos    :    0 (   0 filtered)

