ISim log file
Running: C:\Users\Student\Desktop\ShashankShivv\comparator\comparotor_isim_beh.exe -intstyle ise -gui -tclbatch isim.cmd -wdb C:/Users/Student/Desktop/ShashankShivv/comparator/comparotor_isim_beh.wdb 
ISim P.20131013 (signature 0x7708f090)
This is a Full version of ISim.
Time resolution is 1 ps
# onerror resume
# wave add /
# run 1000 ns
Simulator is doing circuit initialization process.
Finished circuit initialization process.
# isim force add /comparotor/a 110 -radix bin
# isim force add /comparotor/b 111 -radix bin
# run 1.00us
# isim force add /comparotor/a 111 -radix bin
# run 1.00us
# isim force add /comparotor/ie 1 -radix bin
# run 1.00us
# isim force add /comparotor/ig 1 -radix bin
# run 1.00us
# isim force add /comparotor/ie 0 -radix bin
# run 1.00us
# isim force add /comparotor/ig 0 -radix bin
# isim force add /comparotor/il 1 -radix bin
# run 1.00us
