Classic Timing Analyzer report for Ssegment
Tue Apr 16 17:07:23 2019
Quartus II Version 9.1 Build 222 10/21/2009 SJ Full Version


---------------------
; Table of Contents ;
---------------------
  1. Legal Notice
  2. Timing Analyzer Summary
  3. Timing Analyzer Settings
  4. Parallel Compilation
  5. tpd
  6. Timing Analyzer Messages



----------------
; Legal Notice ;
----------------
Copyright (C) 1991-2009 Altera Corporation
Your use of Altera Corporation's design tools, logic functions 
and other software and tools, and its AMPP partner logic 
functions, and any output files from any of the foregoing 
(including device programming or simulation files), and any 
associated documentation or information are expressly subject 
to the terms and conditions of the Altera Program License 
Subscription Agreement, Altera MegaCore Function License 
Agreement, or other applicable license agreement, including, 
without limitation, that your use is for the sole purpose of 
programming logic devices manufactured by Altera and sold by 
Altera or its authorized distributors.  Please refer to the 
applicable agreement for further details.



+-------------------------------------------------------------------------------------------------------------------------+
; Timing Analyzer Summary                                                                                                 ;
+------------------------------+-------+---------------+-------------+------+------+------------+----------+--------------+
; Type                         ; Slack ; Required Time ; Actual Time ; From ; To   ; From Clock ; To Clock ; Failed Paths ;
+------------------------------+-------+---------------+-------------+------+------+------------+----------+--------------+
; Worst-case tpd               ; N/A   ; None          ; 7.490 ns    ; s[1] ; y[0] ; --         ; --       ; 0            ;
; Total number of failed paths ;       ;               ;             ;      ;      ;            ;          ; 0            ;
+------------------------------+-------+---------------+-------------+------+------+------------+----------+--------------+


+-----------------------------------------------------------------------------------------------------------------------------------------------------+
; Timing Analyzer Settings                                                                                                                            ;
+------------------------------------------------------------------------------------------------------+--------------------+------+----+-------------+
; Option                                                                                               ; Setting            ; From ; To ; Entity Name ;
+------------------------------------------------------------------------------------------------------+--------------------+------+----+-------------+
; Device Name                                                                                          ; EP2C35F672C6       ;      ;    ;             ;
; Timing Models                                                                                        ; Final              ;      ;    ;             ;
; Default hold multicycle                                                                              ; Same as Multicycle ;      ;    ;             ;
; Cut paths between unrelated clock domains                                                            ; On                 ;      ;    ;             ;
; Cut off read during write signal paths                                                               ; On                 ;      ;    ;             ;
; Cut off feedback from I/O pins                                                                       ; On                 ;      ;    ;             ;
; Report Combined Fast/Slow Timing                                                                     ; Off                ;      ;    ;             ;
; Ignore Clock Settings                                                                                ; Off                ;      ;    ;             ;
; Analyze latches as synchronous elements                                                              ; On                 ;      ;    ;             ;
; Enable Recovery/Removal analysis                                                                     ; Off                ;      ;    ;             ;
; Enable Clock Latency                                                                                 ; Off                ;      ;    ;             ;
; Use TimeQuest Timing Analyzer                                                                        ; Off                ;      ;    ;             ;
; Minimum Core Junction Temperature                                                                    ; 0                  ;      ;    ;             ;
; Maximum Core Junction Temperature                                                                    ; 85                 ;      ;    ;             ;
; Number of source nodes to report per destination node                                                ; 10                 ;      ;    ;             ;
; Number of destination nodes to report                                                                ; 10                 ;      ;    ;             ;
; Number of paths to report                                                                            ; 200                ;      ;    ;             ;
; Report Minimum Timing Checks                                                                         ; Off                ;      ;    ;             ;
; Use Fast Timing Models                                                                               ; Off                ;      ;    ;             ;
; Report IO Paths Separately                                                                           ; Off                ;      ;    ;             ;
; Perform Multicorner Analysis                                                                         ; On                 ;      ;    ;             ;
; Reports the worst-case path for each clock domain and analysis                                       ; Off                ;      ;    ;             ;
; Reports worst-case timing paths for each clock domain and analysis                                   ; On                 ;      ;    ;             ;
; Specifies the maximum number of worst-case timing paths to report for each clock domain and analysis ; 100                ;      ;    ;             ;
; Removes common clock path pessimism (CCPP) during slack computation                                  ; Off                ;      ;    ;             ;
; Output I/O Timing Endpoint                                                                           ; Near End           ;      ;    ;             ;
+------------------------------------------------------------------------------------------------------+--------------------+------+----+-------------+


+------------------------------------------+
; Parallel Compilation                     ;
+----------------------------+-------------+
; Processors                 ; Number      ;
+----------------------------+-------------+
; Number detected on machine ; 4           ;
; Maximum allowed            ; 4           ;
;                            ;             ;
; Average used               ; 1.00        ;
; Maximum used               ; 1           ;
;                            ;             ;
; Usage by Processor         ; % Time Used ;
;     1 processor            ; 100.0%      ;
;     2-4 processors         ;   0.0%      ;
+----------------------------+-------------+


+-----------------------------------------------------------+
; tpd                                                       ;
+-------+-------------------+-----------------+------+------+
; Slack ; Required P2P Time ; Actual P2P Time ; From ; To   ;
+-------+-------------------+-----------------+------+------+
; N/A   ; None              ; 7.490 ns        ; s[1] ; y[0] ;
; N/A   ; None              ; 7.468 ns        ; s[1] ; y[2] ;
; N/A   ; None              ; 7.456 ns        ; s[1] ; y[1] ;
; N/A   ; None              ; 7.358 ns        ; s[0] ; y[0] ;
; N/A   ; None              ; 7.338 ns        ; s[0] ; y[2] ;
; N/A   ; None              ; 7.327 ns        ; s[0] ; y[1] ;
; N/A   ; None              ; 7.246 ns        ; s[1] ; y[4] ;
; N/A   ; None              ; 7.241 ns        ; s[1] ; y[3] ;
; N/A   ; None              ; 7.231 ns        ; s[1] ; y[6] ;
; N/A   ; None              ; 7.230 ns        ; s[1] ; y[5] ;
; N/A   ; None              ; 7.109 ns        ; s[0] ; y[3] ;
; N/A   ; None              ; 7.106 ns        ; s[0] ; y[4] ;
; N/A   ; None              ; 7.095 ns        ; s[0] ; y[6] ;
; N/A   ; None              ; 7.094 ns        ; s[0] ; y[5] ;
; N/A   ; None              ; 6.883 ns        ; s[2] ; y[0] ;
; N/A   ; None              ; 6.865 ns        ; s[2] ; y[2] ;
; N/A   ; None              ; 6.853 ns        ; s[2] ; y[1] ;
; N/A   ; None              ; 6.634 ns        ; s[2] ; y[4] ;
; N/A   ; None              ; 6.634 ns        ; s[2] ; y[3] ;
; N/A   ; None              ; 6.619 ns        ; s[2] ; y[6] ;
; N/A   ; None              ; 6.618 ns        ; s[2] ; y[5] ;
; N/A   ; None              ; 6.168 ns        ; s[3] ; y[0] ;
; N/A   ; None              ; 6.150 ns        ; s[3] ; y[2] ;
; N/A   ; None              ; 6.138 ns        ; s[3] ; y[1] ;
; N/A   ; None              ; 5.922 ns        ; s[3] ; y[4] ;
; N/A   ; None              ; 5.918 ns        ; s[3] ; y[3] ;
; N/A   ; None              ; 5.910 ns        ; s[3] ; y[6] ;
; N/A   ; None              ; 5.906 ns        ; s[3] ; y[5] ;
+-------+-------------------+-----------------+------+------+


+--------------------------+
; Timing Analyzer Messages ;
+--------------------------+
Info: *******************************************************************
Info: Running Quartus II Classic Timing Analyzer
    Info: Version 9.1 Build 222 10/21/2009 SJ Full Version
    Info: Processing started: Tue Apr 16 17:07:22 2019
Info: Command: quartus_tan --read_settings_files=off --write_settings_files=off Ssegment -c Ssegment --timing_analysis_only
Info: Parallel compilation is enabled and will use 4 of the 4 processors detected
Info: Longest tpd from source pin "s[1]" to destination pin "y[0]" is 7.490 ns
    Info: 1: + IC(0.000 ns) + CELL(0.999 ns) = 0.999 ns; Loc. = PIN_N26; Fanout = 7; PIN Node = 's[1]'
    Info: 2: + IC(2.454 ns) + CELL(0.419 ns) = 3.872 ns; Loc. = LCCOMB_X28_Y1_N24; Fanout = 1; COMB Node = 'WideOr6~0'
    Info: 3: + IC(0.820 ns) + CELL(2.798 ns) = 7.490 ns; Loc. = PIN_AF10; Fanout = 0; PIN Node = 'y[0]'
    Info: Total cell delay = 4.216 ns ( 56.29 % )
    Info: Total interconnect delay = 3.274 ns ( 43.71 % )
Info: Quartus II Classic Timing Analyzer was successful. 0 errors, 0 warnings
    Info: Peak virtual memory: 189 megabytes
    Info: Processing ended: Tue Apr 16 17:07:23 2019
    Info: Elapsed time: 00:00:01
    Info: Total CPU time (on all processors): 00:00:00


